Jiahao:
CONFLICT (content): Merge conflict in sound\core\timer.c
CONFLICT (content): Merge conflict in security\selinux\ss\services.c
CONFLICT (content): Merge conflict in net\qrtr\qrtr.c
CONFLICT (content): Merge conflict in kernel\sched\psi.c
CONFLICT (content): Merge conflict in kernel\sched\fair.c
CONFLICT (content): Merge conflict in kernel\power\suspend.c
CONFLICT (content): Merge conflict in kernel\power\autosleep.c
CONFLICT (content): Merge conflict in include\uapi\scsi\ufs\ufs.h
CONFLICT (content): Merge conflict in fs\f2fs\super.c
CONFLICT (content): Merge conflict in fs\f2fs\segment.h
CONFLICT (content): Merge conflict in fs\f2fs\segment.c
CONFLICT (content): Merge conflict in fs\f2fs\inode.c
CONFLICT (content): Merge conflict in fs\f2fs\gc.c
CONFLICT (content): Merge conflict in fs\f2fs\checkpoint.c
CONFLICT (content): Merge conflict in drivers\usb\pd\policy_engine.c
CONFLICT (content): Merge conflict in drivers\usb\gadget\configfs.c
CONFLICT (content): Merge conflict in drivers\usb\dwc3\gadget.c
CONFLICT (content): Merge conflict in drivers\usb\dwc3\dwc3-msm.c
CONFLICT (content): Merge conflict in drivers\usb\core\hub.c
CONFLICT (content): Merge conflict in drivers\tty\vt\selection.c
Simon:
CONFLICT (content): Merge conflict in drivers\thermal\qcom\msm_lmh_dcvs.c
CONFLICT (content): Merge conflict in drivers\soc\qcom\subsys-pil-tz.c
CONFLICT (content): Merge conflict in drivers\soc\qcom\qmi_rmnet.c
CONFLICT (content): Merge conflict in drivers\scsi\ufs\ufshcd.c
CONFLICT (content): Merge conflict in drivers\scsi\ufs\ufs.h
CONFLICT (content): Merge conflict in drivers\rpmsg\qcom_glink_native.c
CONFLICT (content): Merge conflict in drivers\power\supply\qcom\smb5-lib.h
CONFLICT (content): Merge conflict in drivers\power\supply\qcom\smb5-lib.c
CONFLICT (content): Merge conflict in drivers\power\supply\qcom\qpnp-smb5.c
CONFLICT (content): Merge conflict in drivers\power\supply\qcom\qpnp-fg-gen4.c
CONFLICT (content): Merge conflict in drivers\power\supply\qcom\fg-core.h
CONFLICT (content): Merge conflict in drivers\net\usb\r8152.c
CONFLICT (content): Merge conflict in drivers\media\usb\uvc\uvc_driver.c
CONFLICT (content): Merge conflict in drivers\input\touchscreen\Makefile
CONFLICT (content): Merge conflict in drivers\input\misc\qpnp-power-on.c
CONFLICT (content): Merge conflict in drivers\hid\usbhid\hiddev.c
CONFLICT (content): Merge conflict in drivers\hid\usbhid\hid-quirks.c
CONFLICT (content): Merge conflict in drivers\hid\hid-input.c
Knox:
CONFLICT (content): Merge conflict in drivers\gpu\msm\kgsl_iommu.c
CONFLICT (content): Merge conflict in drivers\gpu\msm\adreno_ringbuffer.c
CONFLICT (content): Merge conflict in drivers\gpu\drm\msm\dsi-staging\dsi_drm.c
CONFLICT (content): Merge conflict in drivers\gpu\drm\msm\dp\dp_usbpd.c
CONFLICT (content): Merge conflict in drivers\gpu\drm\msm\dp\dp_display.c
CONFLICT (content): Merge conflict in drivers\gpu\drm\msm\dp\dp_audio.c
CONFLICT (content): Merge conflict in drivers\cpufreq\cpufreq_stats.c
CONFLICT (content): Merge conflict in drivers\bus\mhi\core\mhi_main.c
CONFLICT (content): Merge conflict in drivers\base\power\wakeup.c
CONFLICT (content): Merge conflict in drivers\Makefile
CONFLICT (content): Merge conflict in arch\arm64\include\asm\thread_info.h
CONFLICT (content): Merge conflict in arch\arm64\configs\vendor\sm8150_defconfig
CONFLICT (content): Merge conflict in arch\arm64\configs\vendor\sm8150-perf_defconfig
CONFLICT (content): Merge conflict in arch\arm64\boot\dts\qcom\sm8150-pinctrl.dtsi
CONFLICT (content): Merge conflict in arch\arm64\boot\dts\qcom\sm8150-camera-sensor-mtp.dtsi
CONFLICT (content): Merge conflict in arch\arm64\boot\dts\qcom\Makefile
